<?xml version="1.0" encoding="UTF-8"?>
<!-- Generated by org.testng.reporters.JUnitReportReporter -->
<testsuite hostname="DESKTOP-C5NFSV8" failures="0" tests="1" name="test03" time="0.011" errors="0" timestamp="14 Sep 2019 22:51:12 GMT">
  <testcase classname="test03" name="demo" time="0.011"/>
</testsuite> <!-- test03 -->
