<?xml version="1.0" encoding="UTF-8"?>
<!-- Generated by org.testng.reporters.JUnitReportReporter -->
<testsuite hostname="DESKTOP-C5NFSV8" failures="0" tests="1" name="freamwork.logintest" time="10.122" errors="0" timestamp="25 Sep 2019 05:22:36 GMT">
  <testcase classname="freamwork.logintest" name="verify" time="10.122"/>
</testsuite> <!-- freamwork.logintest -->
