<?xml version="1.0" encoding="UTF-8"?>
<!-- Generated by org.testng.reporters.JUnitReportReporter -->
<testsuite hostname="DESKTOP-C5NFSV8" failures="0" tests="2" name="freamwork.teat2nd" time="0.012" errors="0" timestamp="14 Sep 2019 23:32:00 GMT">
  <testcase classname="freamwork.teat2nd" name="Irun" time="0.010"/>
  <testcase classname="freamwork.teat2nd" name="run" time="0.002"/>
</testsuite> <!-- freamwork.teat2nd -->
