<?xml version="1.0" encoding="UTF-8"?>
<!-- Generated by org.testng.reporters.JUnitReportReporter -->
<testsuite hostname="DESKTOP-C5NFSV8" failures="0" tests="2" name="teat2nd" time="0.009" errors="0" timestamp="14 Sep 2019 22:31:45 GMT">
  <testcase classname="teat2nd" name="Irun" time="0.008"/>
  <testcase classname="teat2nd" name="run" time="0.001"/>
</testsuite> <!-- teat2nd -->
